[debug] [2025-02-10T20:59:48.606Z] ----------------------------------------------------------------------
[debug] [2025-02-10T20:59:48.609Z] Command:       /usr/bin/node /usr/bin/firebase deploy
[debug] [2025-02-10T20:59:48.610Z] CLI Version:   13.29.3
[debug] [2025-02-10T20:59:48.610Z] Platform:      linux
[debug] [2025-02-10T20:59:48.610Z] Node Version:  v22.13.1
[debug] [2025-02-10T20:59:48.610Z] Time:          Mon Feb 10 2025 17:59:48 GMT-0300 (Chile Summer Time)
[debug] [2025-02-10T20:59:48.610Z] ----------------------------------------------------------------------
[debug] 
[debug] [2025-02-10T20:59:48.861Z] > command requires scopes: ["email","openid","https://www.googleapis.com/auth/cloudplatformprojects.readonly","https://www.googleapis.com/auth/firebase","https://www.googleapis.com/auth/cloud-platform"]
[debug] [2025-02-10T20:59:48.861Z] > authorizing via signed-in user (ivanespinoza.ux@gmail.com)
[debug] [2025-02-10T20:59:48.862Z] [iam] checking project tipyweb-proto for permissions ["firebase.projects.get","firebasehosting.sites.update"]
[debug] [2025-02-10T20:59:48.862Z] Checked if tokens are valid: true, expires at: 1739223374114
[debug] [2025-02-10T20:59:48.862Z] Checked if tokens are valid: true, expires at: 1739223374114
[debug] [2025-02-10T20:59:48.863Z] >>> [apiv2][query] POST https://cloudresourcemanager.googleapis.com/v1/projects/tipyweb-proto:testIamPermissions [none]
[debug] [2025-02-10T20:59:48.863Z] >>> [apiv2][(partial)header] POST https://cloudresourcemanager.googleapis.com/v1/projects/tipyweb-proto:testIamPermissions x-goog-quota-user=projects/tipyweb-proto
[debug] [2025-02-10T20:59:48.863Z] >>> [apiv2][body] POST https://cloudresourcemanager.googleapis.com/v1/projects/tipyweb-proto:testIamPermissions {"permissions":["firebase.projects.get","firebasehosting.sites.update"]}
[debug] [2025-02-10T20:59:50.081Z] <<< [apiv2][status] POST https://cloudresourcemanager.googleapis.com/v1/projects/tipyweb-proto:testIamPermissions 200
[debug] [2025-02-10T20:59:50.081Z] <<< [apiv2][body] POST https://cloudresourcemanager.googleapis.com/v1/projects/tipyweb-proto:testIamPermissions {"permissions":["firebase.projects.get","firebasehosting.sites.update"]}
[debug] [2025-02-10T20:59:50.081Z] Checked if tokens are valid: true, expires at: 1739223374114
[debug] [2025-02-10T20:59:50.082Z] Checked if tokens are valid: true, expires at: 1739223374114
[debug] [2025-02-10T20:59:50.082Z] >>> [apiv2][query] GET https://firebase.googleapis.com/v1beta1/projects/tipyweb-proto [none]
[debug] [2025-02-10T20:59:50.582Z] <<< [apiv2][status] GET https://firebase.googleapis.com/v1beta1/projects/tipyweb-proto 200
[debug] [2025-02-10T20:59:50.583Z] <<< [apiv2][body] GET https://firebase.googleapis.com/v1beta1/projects/tipyweb-proto {"projectId":"tipyweb-proto","projectNumber":"625259370032","displayName":"tipyweb-proto","name":"projects/tipyweb-proto","resources":{"hostingSite":"tipyweb-proto"},"state":"ACTIVE","etag":"1_97471830-bde7-47f9-a630-3f07429c090a"}
[info] 
[info] === Deploying to 'tipyweb-proto'...
[info] 
[info] i  deploying hosting 
[debug] [2025-02-10T20:59:50.589Z] Checked if tokens are valid: true, expires at: 1739223374114
[debug] [2025-02-10T20:59:50.589Z] Checked if tokens are valid: true, expires at: 1739223374114
[debug] [2025-02-10T20:59:50.589Z] >>> [apiv2][query] POST https://firebasehosting.googleapis.com/v1beta1/projects/-/sites/tipyweb-proto/versions [none]
[debug] [2025-02-10T20:59:50.589Z] >>> [apiv2][body] POST https://firebasehosting.googleapis.com/v1beta1/projects/-/sites/tipyweb-proto/versions {"status":"CREATED","labels":{"deployment-tool":"cli-firebase"}}
[debug] [2025-02-10T20:59:52.378Z] <<< [apiv2][status] POST https://firebasehosting.googleapis.com/v1beta1/projects/-/sites/tipyweb-proto/versions 200
[debug] [2025-02-10T20:59:52.378Z] <<< [apiv2][body] POST https://firebasehosting.googleapis.com/v1beta1/projects/-/sites/tipyweb-proto/versions {"name":"projects/625259370032/sites/tipyweb-proto/versions/ae79be7e1dca3490","status":"CREATED","config":{},"labels":{"deployment-tool":"cli-firebase"}}
[info] i  hosting[tipyweb-proto]: beginning deploy... 
[info] i  hosting[tipyweb-proto]: found 10 files in dist 
[debug] [2025-02-10T20:59:52.404Z] [hosting] uploading with 200 concurrency
[debug] [2025-02-10T20:59:52.590Z] Checked if tokens are valid: true, expires at: 1739223374114
[debug] [2025-02-10T20:59:52.590Z] Checked if tokens are valid: true, expires at: 1739223374114
[debug] [2025-02-10T20:59:52.594Z] [hosting] hash cache [ZGlzdA] stored for 10 files
[debug] [2025-02-10T20:59:52.594Z] [hosting][hash queue][FINAL] {"max":177,"min":22,"avg":53,"active":0,"complete":10,"success":10,"errored":0,"retried":0,"total":10,"elapsed":185}
[debug] [2025-02-10T20:59:52.595Z] >>> [apiv2][query] POST https://firebasehosting.googleapis.com/v1beta1/projects/625259370032/sites/tipyweb-proto/versions/ae79be7e1dca3490:populateFiles [none]
[debug] [2025-02-10T20:59:52.595Z] >>> [apiv2][body] POST https://firebasehosting.googleapis.com/v1beta1/projects/625259370032/sites/tipyweb-proto/versions/ae79be7e1dca3490:populateFiles {"files":{"/favicon.ico":"642f1aaa9a48d91d01009c5d59bf43b000ac928f2087032988c612cfc9a0ffcf","/index.html":"70836b37f2865d6f5b46e5150337779c0fdd1ca9ce8d42fc1b2810e34e5e964e","/js/app.36ea4679.js":"01b4fc90db528ff903877b367996d393f3ca9f6599986038413426c6133a46b4","/img/Marca-UBO.df550c87.png":"6b3bb9688b4471904dfce67bb03b95a1376da098b0387cef41a205accdfd858f","/css/app.1771b920.css":"fcb22e73e3e38ded852425011e43dd9f301b208ddecb0042d6f54172bc6240d4","/js/app.36ea4679.js.map":"e45d50ac13a081776464c5256e0c344d869507aa97aa7738d9d61e726d38fc74","/css/chunk-vendors.8a42e1de.css":"9f05c8d233f2ca27a79e727cd73c6d0c542140c2328e2e32c8ea268c97606c57","/js/chunk-vendors.3a90f899.js":"a315c4dbd27b271a8fc72194e26c9a28b20a8ccb35e90b324ce6810f2735bddb","/img/pc-02.a0aeebb5.png":"d52eabc57ceb13455dbbd84383e10a8e1515a789a37dd176d0cc0acffc57c883","/js/chunk-vendors.3a90f899.js.map":"a5ab7ad075bcc3595f200216c44461ce41075be5b4ec08d7c075a68121a87a81"}}
[debug] [2025-02-10T20:59:53.223Z] <<< [apiv2][status] POST https://firebasehosting.googleapis.com/v1beta1/projects/625259370032/sites/tipyweb-proto/versions/ae79be7e1dca3490:populateFiles 200
[debug] [2025-02-10T20:59:53.223Z] <<< [apiv2][body] POST https://firebasehosting.googleapis.com/v1beta1/projects/625259370032/sites/tipyweb-proto/versions/ae79be7e1dca3490:populateFiles {"uploadRequiredHashes":["e45d50ac13a081776464c5256e0c344d869507aa97aa7738d9d61e726d38fc74","fcb22e73e3e38ded852425011e43dd9f301b208ddecb0042d6f54172bc6240d4","70836b37f2865d6f5b46e5150337779c0fdd1ca9ce8d42fc1b2810e34e5e964e","01b4fc90db528ff903877b367996d393f3ca9f6599986038413426c6133a46b4"],"uploadUrl":"https://upload-firebasehosting.googleapis.com/upload/sites/tipyweb-proto/versions/ae79be7e1dca3490/files"}
[debug] [2025-02-10T20:59:53.224Z] Checked if tokens are valid: true, expires at: 1739223374114
[debug] [2025-02-10T20:59:53.224Z] Checked if tokens are valid: true, expires at: 1739223374114
[debug] [2025-02-10T20:59:53.224Z] Checked if tokens are valid: true, expires at: 1739223374114
[debug] [2025-02-10T20:59:53.224Z] Checked if tokens are valid: true, expires at: 1739223374114
[debug] [2025-02-10T20:59:53.224Z] Checked if tokens are valid: true, expires at: 1739223374114
[debug] [2025-02-10T20:59:53.225Z] Checked if tokens are valid: true, expires at: 1739223374114
[debug] [2025-02-10T20:59:53.225Z] Checked if tokens are valid: true, expires at: 1739223374114
[debug] [2025-02-10T20:59:53.225Z] Checked if tokens are valid: true, expires at: 1739223374114
[debug] [2025-02-10T20:59:53.225Z] >>> [apiv2][query] POST https://upload-firebasehosting.googleapis.com/upload/sites/tipyweb-proto/versions/ae79be7e1dca3490/files/e45d50ac13a081776464c5256e0c344d869507aa97aa7738d9d61e726d38fc74 [none]
[debug] [2025-02-10T20:59:53.225Z] >>> [apiv2][body] POST https://upload-firebasehosting.googleapis.com/upload/sites/tipyweb-proto/versions/ae79be7e1dca3490/files/e45d50ac13a081776464c5256e0c344d869507aa97aa7738d9d61e726d38fc74 [stream]
[debug] [2025-02-10T20:59:53.226Z] >>> [apiv2][query] POST https://upload-firebasehosting.googleapis.com/upload/sites/tipyweb-proto/versions/ae79be7e1dca3490/files/fcb22e73e3e38ded852425011e43dd9f301b208ddecb0042d6f54172bc6240d4 [none]
[debug] [2025-02-10T20:59:53.226Z] >>> [apiv2][body] POST https://upload-firebasehosting.googleapis.com/upload/sites/tipyweb-proto/versions/ae79be7e1dca3490/files/fcb22e73e3e38ded852425011e43dd9f301b208ddecb0042d6f54172bc6240d4 [stream]
[debug] [2025-02-10T20:59:53.228Z] >>> [apiv2][query] POST https://upload-firebasehosting.googleapis.com/upload/sites/tipyweb-proto/versions/ae79be7e1dca3490/files/70836b37f2865d6f5b46e5150337779c0fdd1ca9ce8d42fc1b2810e34e5e964e [none]
[debug] [2025-02-10T20:59:53.228Z] >>> [apiv2][body] POST https://upload-firebasehosting.googleapis.com/upload/sites/tipyweb-proto/versions/ae79be7e1dca3490/files/70836b37f2865d6f5b46e5150337779c0fdd1ca9ce8d42fc1b2810e34e5e964e [stream]
[debug] [2025-02-10T20:59:53.229Z] >>> [apiv2][query] POST https://upload-firebasehosting.googleapis.com/upload/sites/tipyweb-proto/versions/ae79be7e1dca3490/files/01b4fc90db528ff903877b367996d393f3ca9f6599986038413426c6133a46b4 [none]
[debug] [2025-02-10T20:59:53.229Z] >>> [apiv2][body] POST https://upload-firebasehosting.googleapis.com/upload/sites/tipyweb-proto/versions/ae79be7e1dca3490/files/01b4fc90db528ff903877b367996d393f3ca9f6599986038413426c6133a46b4 [stream]
[debug] [2025-02-10T20:59:53.230Z] [hosting][populate queue][FINAL] {"max":636,"min":636,"avg":636,"active":0,"complete":1,"success":1,"errored":0,"retried":0,"total":1,"elapsed":641}
[debug] [2025-02-10T20:59:53.230Z] [hosting] uploads queued: 4
[debug] [2025-02-10T20:59:54.924Z] <<< [apiv2][status] POST https://upload-firebasehosting.googleapis.com/upload/sites/tipyweb-proto/versions/ae79be7e1dca3490/files/e45d50ac13a081776464c5256e0c344d869507aa97aa7738d9d61e726d38fc74 200
[debug] [2025-02-10T20:59:54.924Z] <<< [apiv2][body] POST https://upload-firebasehosting.googleapis.com/upload/sites/tipyweb-proto/versions/ae79be7e1dca3490/files/e45d50ac13a081776464c5256e0c344d869507aa97aa7738d9d61e726d38fc74 [stream]
[debug] [2025-02-10T20:59:54.979Z] <<< [apiv2][status] POST https://upload-firebasehosting.googleapis.com/upload/sites/tipyweb-proto/versions/ae79be7e1dca3490/files/01b4fc90db528ff903877b367996d393f3ca9f6599986038413426c6133a46b4 200
[debug] [2025-02-10T20:59:54.979Z] <<< [apiv2][body] POST https://upload-firebasehosting.googleapis.com/upload/sites/tipyweb-proto/versions/ae79be7e1dca3490/files/01b4fc90db528ff903877b367996d393f3ca9f6599986038413426c6133a46b4 [stream]
[debug] [2025-02-10T20:59:55.148Z] <<< [apiv2][status] POST https://upload-firebasehosting.googleapis.com/upload/sites/tipyweb-proto/versions/ae79be7e1dca3490/files/70836b37f2865d6f5b46e5150337779c0fdd1ca9ce8d42fc1b2810e34e5e964e 200
[debug] [2025-02-10T20:59:55.148Z] <<< [apiv2][body] POST https://upload-firebasehosting.googleapis.com/upload/sites/tipyweb-proto/versions/ae79be7e1dca3490/files/70836b37f2865d6f5b46e5150337779c0fdd1ca9ce8d42fc1b2810e34e5e964e [stream]
[debug] [2025-02-10T20:59:55.366Z] <<< [apiv2][status] POST https://upload-firebasehosting.googleapis.com/upload/sites/tipyweb-proto/versions/ae79be7e1dca3490/files/fcb22e73e3e38ded852425011e43dd9f301b208ddecb0042d6f54172bc6240d4 200
[debug] [2025-02-10T20:59:55.366Z] <<< [apiv2][body] POST https://upload-firebasehosting.googleapis.com/upload/sites/tipyweb-proto/versions/ae79be7e1dca3490/files/fcb22e73e3e38ded852425011e43dd9f301b208ddecb0042d6f54172bc6240d4 [stream]
[debug] [2025-02-10T20:59:55.366Z] [hosting][upload queue][FINAL] {"max":2142,"min":1700,"avg":1880.25,"active":0,"complete":4,"success":4,"errored":0,"retried":0,"total":4,"elapsed":2142}
[info] ✔  hosting[tipyweb-proto]: file upload complete 
[debug] [2025-02-10T20:59:55.367Z] [hosting] deploy completed after 2987ms
[debug] [2025-02-10T20:59:55.367Z] [
  {
    "config": {
      "public": "dist",
      "ignore": [
        "firebase.json",
        "**/.*",
        "**/node_modules/**"
      ],
      "rewrites": [
        {
          "source": "**",
          "destination": "/index.html"
        }
      ],
      "site": "tipyweb-proto"
    },
    "version": "projects/625259370032/sites/tipyweb-proto/versions/ae79be7e1dca3490"
  }
]
[info] i  hosting[tipyweb-proto]: finalizing version... 
[debug] [2025-02-10T20:59:55.369Z] Checked if tokens are valid: true, expires at: 1739223374114
[debug] [2025-02-10T20:59:55.369Z] Checked if tokens are valid: true, expires at: 1739223374114
[debug] [2025-02-10T20:59:55.369Z] >>> [apiv2][query] PATCH https://firebasehosting.googleapis.com/v1beta1/projects/-/sites/tipyweb-proto/versions/ae79be7e1dca3490 updateMask=status%2Cconfig
[debug] [2025-02-10T20:59:55.369Z] >>> [apiv2][body] PATCH https://firebasehosting.googleapis.com/v1beta1/projects/-/sites/tipyweb-proto/versions/ae79be7e1dca3490 {"status":"FINALIZED","config":{"rewrites":[{"glob":"**","path":"/index.html"}]}}
